<?xml version="1.0" encoding="UTF-8"?>
<!-- Generated by org.testng.reporters.JUnitXMLReporter -->
<testsuite ignored="0" hostname="Pratisthasharma" failures="1" tests="3" name="Submit Order TestCase" time="5.992" errors="0" timestamp="2024-01-08T16:48:34 GMT">
  <testcase classname="com.MavenPractice.SubmitOrderTest" name="submitOrder" time="5.252"/>
  <testcase classname="com.MavenPractice.SubmitOrderTest" name="orderHistory" time="0.258">
    <skipped/>
  </testcase> <!-- orderHistory -->
  <testcase classname="com.MavenPractice.SubmitOrderTest" name="orderHistory" time="0.106">
    <failure type="java.lang.AssertionError" message="expected [false] but found [true]">
      <![CDATA[java.lang.AssertionError: expected [false] but found [true]
at com.MavenPractice.SubmitOrderTest.orderHistory(SubmitOrderTest.java:63)
at java.base/java.util.ArrayList.forEach(ArrayList.java:1511)
at java.base/java.util.concurrent.FutureTask.run(FutureTask.java:264)
at java.base/java.util.concurrent.ThreadPoolExecutor.runWorker(ThreadPoolExecutor.java:1130)
at java.base/java.util.concurrent.ThreadPoolExecutor$Worker.run(ThreadPoolExecutor.java:630)
at java.base/java.lang.Thread.run(Thread.java:831)
... Removed 21 stack frames]]>
    </failure>
  </testcase> <!-- orderHistory -->
</testsuite> <!-- Submit Order TestCase -->
